{"timestamp":"2025-08-31 10:44:59,533","level":"INFO","logger":"com.golden.erp.MiniErpApplication","thread":"restartedMain","message":"Starting MiniErpApplication using Java 23.0.2 with PID 51419 (/Users/anthonyvergara/Documents/Golden/mini-erp/target/classes started by anthonyvergara in /Users/anthonyvergara/Documents/Golden/mini-erp)","context":""}
{"timestamp":"2025-08-31 10:44:59,535","level":"INFO","logger":"com.golden.erp.MiniErpApplication","thread":"restartedMain","message":"No active profile set, falling back to 1 default profile: \"default\"","context":""}
{"timestamp":"2025-08-31 10:44:59,560","level":"INFO","logger":"o.s.b.d.e.DevToolsPropertyDefaultsPostProcessor","thread":"restartedMain","message":"Devtools property defaults active! Set 'spring.devtools.add-properties' to 'false' to disable","context":""}
{"timestamp":"2025-08-31 10:44:59,561","level":"INFO","logger":"o.s.b.d.e.DevToolsPropertyDefaultsPostProcessor","thread":"restartedMain","message":"For additional web related logging consider setting the 'logging.level.web' property to 'DEBUG'","context":""}
{"timestamp":"2025-08-31 10:44:59,819","level":"INFO","logger":"o.s.d.r.c.RepositoryConfigurationDelegate","thread":"restartedMain","message":"Bootstrapping Spring Data JPA repositories in DEFAULT mode.","context":""}
{"timestamp":"2025-08-31 10:44:59,843","level":"INFO","logger":"o.s.d.r.c.RepositoryConfigurationDelegate","thread":"restartedMain","message":"Finished Spring Data repository scanning in 21 ms. Found 5 JPA repository interfaces.","context":""}
{"timestamp":"2025-08-31 10:44:59,909","level":"INFO","logger":"o.s.cloud.context.scope.GenericScope","thread":"restartedMain","message":"BeanFactory id=bec1ca05-dde1-3840-8f59-213dbe28875d","context":""}
{"timestamp":"2025-08-31 10:45:00,172","level":"INFO","logger":"o.s.b.w.embedded.tomcat.TomcatWebServer","thread":"restartedMain","message":"Tomcat initialized with port 8080 (http)","context":""}
{"timestamp":"2025-08-31 10:45:00,177","level":"INFO","logger":"o.apache.catalina.core.StandardService","thread":"restartedMain","message":"Starting service [Tomcat]","context":""}
{"timestamp":"2025-08-31 10:45:00,178","level":"INFO","logger":"org.apache.catalina.core.StandardEngine","thread":"restartedMain","message":"Starting Servlet engine: [Apache Tomcat/10.1.25]","context":""}
{"timestamp":"2025-08-31 10:45:00,192","level":"INFO","logger":"o.a.c.c.C.[Tomcat].[localhost].[/]","thread":"restartedMain","message":"Initializing Spring embedded WebApplicationContext","context":""}
{"timestamp":"2025-08-31 10:45:00,192","level":"INFO","logger":"o.s.b.w.s.c.ServletWebServerApplicationContext","thread":"restartedMain","message":"Root WebApplicationContext: initialization completed in 631 ms","context":""}
{"timestamp":"2025-08-31 10:45:00,380","level":"INFO","logger":"o.s.o.j.p.SpringPersistenceUnitInfo","thread":"restartedMain","message":"No LoadTimeWeaver setup: ignoring JPA class transformer","context":""}
{"timestamp":"2025-08-31 10:45:00,389","level":"INFO","logger":"com.zaxxer.hikari.HikariDataSource","thread":"restartedMain","message":"HikariPool-1 - Starting...","context":""}
{"timestamp":"2025-08-31 10:45:00,456","level":"INFO","logger":"com.zaxxer.hikari.pool.HikariPool","thread":"restartedMain","message":"HikariPool-1 - Added connection org.postgresql.jdbc.PgConnection@9ffec23","context":""}
{"timestamp":"2025-08-31 10:45:00,456","level":"INFO","logger":"com.zaxxer.hikari.HikariDataSource","thread":"restartedMain","message":"HikariPool-1 - Start completed.","context":""}
{"timestamp":"2025-08-31 10:45:00,472","level":"WARN","logger":"org.hibernate.orm.deprecation","thread":"restartedMain","message":"HHH90000025: PostgreSQLDialect does not need to be specified explicitly using 'hibernate.dialect' (remove the property setting and it will be selected by default)","context":""}
{"timestamp":"2025-08-31 10:45:00,929","level":"INFO","logger":"o.s.o.j.LocalContainerEntityManagerFactoryBean","thread":"restartedMain","message":"Initialized JPA EntityManagerFactory for persistence unit 'default'","context":""}
{"timestamp":"2025-08-31 10:45:01,034","level":"INFO","logger":"o.s.d.j.r.query.QueryEnhancerFactory","thread":"restartedMain","message":"Hibernate is in classpath; If applicable, HQL parser will be used.","context":""}
{"timestamp":"2025-08-31 10:45:01,244","level":"INFO","logger":"o.s.s.c.a.a.c.InitializeAuthenticationProviderBeanManagerConfigurer$InitializeAuthenticationProviderManagerConfigurer","thread":"restartedMain","message":"Global AuthenticationManager configured with AuthenticationProvider bean with name authenticationProvider","context":""}
{"timestamp":"2025-08-31 10:45:01,244","level":"WARN","logger":"o.s.s.c.a.a.c.InitializeUserDetailsBeanManagerConfigurer$InitializeUserDetailsManagerConfigurer","thread":"restartedMain","message":"Global AuthenticationManager configured with an AuthenticationProvider bean. UserDetailsService beans will not be used for username/password login. Consider removing the AuthenticationProvider bean. Alternatively, consider using the UserDetailsService in a manually instantiated DaoAuthenticationProvider.","context":""}
{"timestamp":"2025-08-31 10:45:01,420","level":"INFO","logger":"o.s.b.d.a.OptionalLiveReloadServer","thread":"restartedMain","message":"LiveReload server is running on port 35729","context":""}
{"timestamp":"2025-08-31 10:45:01,602","level":"DEBUG","logger":"o.s.w.s.m.m.a.RequestMappingHandlerMapping","thread":"restartedMain","message":"26 mappings in 'requestMappingHandlerMapping'","context":""}
{"timestamp":"2025-08-31 10:45:01,652","level":"DEBUG","logger":"o.s.w.s.handler.SimpleUrlHandlerMapping","thread":"restartedMain","message":"Patterns [/webjars/**, /**] in 'resourceHandlerMapping'","context":""}
{"timestamp":"2025-08-31 10:45:01,720","level":"DEBUG","logger":"o.s.w.s.m.m.a.RequestMappingHandlerAdapter","thread":"restartedMain","message":"ControllerAdvice beans: 0 @ModelAttribute, 0 @InitBinder, 1 RequestBodyAdvice, 1 ResponseBodyAdvice","context":""}
{"timestamp":"2025-08-31 10:45:01,736","level":"DEBUG","logger":"o.s.w.s.m.m.a.ExceptionHandlerExceptionResolver","thread":"restartedMain","message":"ControllerAdvice beans: 1 @ExceptionHandler, 1 ResponseBodyAdvice","context":""}
{"timestamp":"2025-08-31 10:45:01,826","level":"INFO","logger":"o.s.b.w.embedded.tomcat.TomcatWebServer","thread":"restartedMain","message":"Tomcat started on port 8080 (http) with context path '/'","context":""}
{"timestamp":"2025-08-31 10:45:01,833","level":"INFO","logger":"com.golden.erp.MiniErpApplication","thread":"restartedMain","message":"Started MiniErpApplication in 2.559 seconds (process running for 2.726)","context":""}
{"timestamp":"2025-08-31 10:45:01,836","level":"INFO","logger":"c.g.erp.scheduler.PedidoSchedulerService","thread":"scheduling-1","message":"Iniciando verificação de pedidos atrasados","context":""}
{"timestamp":"2025-08-31 10:45:01,858","level":"DEBUG","logger":"org.hibernate.SQL","thread":"scheduling-1","message":"select p1_0.id,p1_0.cliente_id,p1_0.created_at,p1_0.deleted_at,p1_0.status,p1_0.subtotal,p1_0.total,p1_0.total_desconto,p1_0.updated_at from pedidos p1_0 where (p1_0.deleted_at IS NULL) and p1_0.status=? and p1_0.created_at<?","context":""}
{"timestamp":"2025-08-31 10:45:01,863","level":"INFO","logger":"c.g.erp.scheduler.PedidoSchedulerService","thread":"scheduling-1","message":"Verificação de pedidos atrasados concluída. 0 pedidos marcados como atrasados","context":""}
{"timestamp":"2025-08-31 10:49:26,786","level":"INFO","logger":"o.s.o.j.LocalContainerEntityManagerFactoryBean","thread":"SpringApplicationShutdownHook","message":"Closing JPA EntityManagerFactory for persistence unit 'default'","context":""}
{"timestamp":"2025-08-31 10:49:26,794","level":"INFO","logger":"com.zaxxer.hikari.HikariDataSource","thread":"SpringApplicationShutdownHook","message":"HikariPool-1 - Shutdown initiated...","context":""}
{"timestamp":"2025-08-31 10:49:26,797","level":"INFO","logger":"com.zaxxer.hikari.HikariDataSource","thread":"SpringApplicationShutdownHook","message":"HikariPool-1 - Shutdown completed.","context":""}
